18-Jul-2018 18:45:17.049 INFO [main] org.apache.catalina.startup.VersionLoggerListener.log Server version:        Apache Tomcat/8.0.33
18-Jul-2018 18:45:17.051 INFO [main] org.apache.catalina.startup.VersionLoggerListener.log Server built:          Mar 18 2016 20:31:49 UTC
18-Jul-2018 18:45:17.051 INFO [main] org.apache.catalina.startup.VersionLoggerListener.log Server number:         8.0.33.0
18-Jul-2018 18:45:17.052 INFO [main] org.apache.catalina.startup.VersionLoggerListener.log OS Name:               Windows 10
18-Jul-2018 18:45:17.052 INFO [main] org.apache.catalina.startup.VersionLoggerListener.log OS Version:            10.0
18-Jul-2018 18:45:17.052 INFO [main] org.apache.catalina.startup.VersionLoggerListener.log Architecture:          amd64
18-Jul-2018 18:45:17.052 INFO [main] org.apache.catalina.startup.VersionLoggerListener.log Java Home:             C:\Program Files\Java\jdk1.8.0_162\jre
18-Jul-2018 18:45:17.052 INFO [main] org.apache.catalina.startup.VersionLoggerListener.log JVM Version:           1.8.0_162-b12
18-Jul-2018 18:45:17.052 INFO [main] org.apache.catalina.startup.VersionLoggerListener.log JVM Vendor:            Oracle Corporation
18-Jul-2018 18:45:17.053 INFO [main] org.apache.catalina.startup.VersionLoggerListener.log CATALINA_BASE:         D:\tomcatHuXueZhi\apache-tomcat-9977
18-Jul-2018 18:45:17.053 INFO [main] org.apache.catalina.startup.VersionLoggerListener.log CATALINA_HOME:         D:\tomcatHuXueZhi\apache-tomcat-9977
18-Jul-2018 18:45:17.053 INFO [main] org.apache.catalina.startup.VersionLoggerListener.log Command line argument: -Djava.util.logging.config.file=D:\tomcatHuXueZhi\apache-tomcat-9977\conf\logging.properties
18-Jul-2018 18:45:17.053 INFO [main] org.apache.catalina.startup.VersionLoggerListener.log Command line argument: -Djava.util.logging.manager=org.apache.juli.ClassLoaderLogManager
18-Jul-2018 18:45:17.054 INFO [main] org.apache.catalina.startup.VersionLoggerListener.log Command line argument: -Djava.endorsed.dirs=D:\tomcatHuXueZhi\apache-tomcat-9977\endorsed
18-Jul-2018 18:45:17.054 INFO [main] org.apache.catalina.startup.VersionLoggerListener.log Command line argument: -Dcatalina.base=D:\tomcatHuXueZhi\apache-tomcat-9977
18-Jul-2018 18:45:17.054 INFO [main] org.apache.catalina.startup.VersionLoggerListener.log Command line argument: -Dcatalina.home=D:\tomcatHuXueZhi\apache-tomcat-9977
18-Jul-2018 18:45:17.054 INFO [main] org.apache.catalina.startup.VersionLoggerListener.log Command line argument: -Djava.io.tmpdir=D:\tomcatHuXueZhi\apache-tomcat-9977\temp
18-Jul-2018 18:45:17.055 INFO [main] org.apache.catalina.core.AprLifecycleListener.lifecycleEvent Loaded APR based Apache Tomcat Native library 1.2.5 using APR version 1.5.1.
18-Jul-2018 18:45:17.056 INFO [main] org.apache.catalina.core.AprLifecycleListener.lifecycleEvent APR capabilities: IPv6 [true], sendfile [true], accept filters [false], random [true].
18-Jul-2018 18:45:17.601 INFO [main] org.apache.catalina.core.AprLifecycleListener.initializeSSL OpenSSL successfully initialized (OpenSSL 1.0.2g  1 Mar 2016)
18-Jul-2018 18:45:18.553 INFO [main] org.apache.coyote.AbstractProtocol.init Initializing ProtocolHandler ["http-apr-9977"]
18-Jul-2018 18:45:18.565 INFO [main] org.apache.coyote.AbstractProtocol.init Initializing ProtocolHandler ["ajp-apr-8009"]
18-Jul-2018 18:45:18.590 SEVERE [main] org.apache.coyote.AbstractProtocol.init Failed to initialize end point associated with ProtocolHandler ["ajp-apr-8009"]
 java.lang.Exception: Socket bind failed: [730048] ?????????б┴???(з┐?иж/???????/???)????ик??
	at org.apache.tomcat.util.net.AprEndpoint.bind(AprEndpoint.java:471)
	at org.apache.tomcat.util.net.AbstractEndpoint.init(AbstractEndpoint.java:750)
	at org.apache.coyote.AbstractProtocol.init(AbstractProtocol.java:458)
	at org.apache.catalina.connector.Connector.initInternal(Connector.java:960)
	at org.apache.catalina.util.LifecycleBase.init(LifecycleBase.java:102)
	at org.apache.catalina.core.StandardService.initInternal(StandardService.java:568)
	at org.apache.catalina.util.LifecycleBase.init(LifecycleBase.java:102)
	at org.apache.catalina.core.StandardServer.initInternal(StandardServer.java:869)
	at org.apache.catalina.util.LifecycleBase.init(LifecycleBase.java:102)
	at org.apache.catalina.startup.Catalina.load(Catalina.java:580)
	at org.apache.catalina.startup.Catalina.load(Catalina.java:603)
	at sun.reflect.NativeMethodAccessorImpl.invoke0(Native Method)
	at sun.reflect.NativeMethodAccessorImpl.invoke(NativeMethodAccessorImpl.java:62)
	at sun.reflect.DelegatingMethodAccessorImpl.invoke(DelegatingMethodAccessorImpl.java:43)
	at java.lang.reflect.Method.invoke(Method.java:498)
	at org.apache.catalina.startup.Bootstrap.load(Bootstrap.java:310)
	at org.apache.catalina.startup.Bootstrap.main(Bootstrap.java:484)

18-Jul-2018 18:45:18.614 SEVERE [main] org.apache.catalina.core.StandardService.initInternal Failed to initialize connector [Connector[AJP/1.3-8009]]
 org.apache.catalina.LifecycleException: Failed to initialize component [Connector[AJP/1.3-8009]]
	at org.apache.catalina.util.LifecycleBase.init(LifecycleBase.java:106)
	at org.apache.catalina.core.StandardService.initInternal(StandardService.java:568)
	at org.apache.catalina.util.LifecycleBase.init(LifecycleBase.java:102)
	at org.apache.catalina.core.StandardServer.initInternal(StandardServer.java:869)
	at org.apache.catalina.util.LifecycleBase.init(LifecycleBase.java:102)
	at org.apache.catalina.startup.Catalina.load(Catalina.java:580)
	at org.apache.catalina.startup.Catalina.load(Catalina.java:603)
	at sun.reflect.NativeMethodAccessorImpl.invoke0(Native Method)
	at sun.reflect.NativeMethodAccessorImpl.invoke(NativeMethodAccessorImpl.java:62)
	at sun.reflect.DelegatingMethodAccessorImpl.invoke(DelegatingMethodAccessorImpl.java:43)
	at java.lang.reflect.Method.invoke(Method.java:498)
	at org.apache.catalina.startup.Bootstrap.load(Bootstrap.java:310)
	at org.apache.catalina.startup.Bootstrap.main(Bootstrap.java:484)
Caused by: org.apache.catalina.LifecycleException: Protocol handler initialization failed
	at org.apache.catalina.connector.Connector.initInternal(Connector.java:962)
	at org.apache.catalina.util.LifecycleBase.init(LifecycleBase.java:102)
	... 12 more
Caused by: java.lang.Exception: Socket bind failed: [730048] ?????????б┴???(з┐?иж/???????/???)????ик??
	at org.apache.tomcat.util.net.AprEndpoint.bind(AprEndpoint.java:471)
	at org.apache.tomcat.util.net.AbstractEndpoint.init(AbstractEndpoint.java:750)
	at org.apache.coyote.AbstractProtocol.init(AbstractProtocol.java:458)
	at org.apache.catalina.connector.Connector.initInternal(Connector.java:960)
	... 13 more

18-Jul-2018 18:45:18.616 INFO [main] org.apache.catalina.startup.Catalina.load Initialization processed in 2622 ms
18-Jul-2018 18:45:18.688 INFO [main] org.apache.catalina.core.StandardService.startInternal Starting service Catalina
18-Jul-2018 18:45:18.688 INFO [main] org.apache.catalina.core.StandardEngine.startInternal Starting Servlet Engine: Apache Tomcat/8.0.33
18-Jul-2018 18:45:18.730 INFO [localhost-startStop-1] org.apache.catalina.startup.HostConfig.deployDirectory Deploying web application directory D:\tomcatHuXueZhi\apache-tomcat-9977\webapps\jeecmsv9
18-Jul-2018 18:45:26.495 INFO [localhost-startStop-1] org.apache.jasper.servlet.TldScanner.scanJars At least one JAR was scanned for TLDs yet contained no TLDs. Enable debug logging for this logger for a complete list of JARs that were scanned but no TLDs were found in them. Skipping unneeded JARs during scanning can improve startup time and JSP compilation time.
18-Jul-2018 18:46:29.616 INFO [main] org.apache.catalina.startup.VersionLoggerListener.log Server version:        Apache Tomcat/8.0.33
18-Jul-2018 18:46:29.617 INFO [main] org.apache.catalina.startup.VersionLoggerListener.log Server built:          Mar 18 2016 20:31:49 UTC
18-Jul-2018 18:46:29.617 INFO [main] org.apache.catalina.startup.VersionLoggerListener.log Server number:         8.0.33.0
18-Jul-2018 18:46:29.618 INFO [main] org.apache.catalina.startup.VersionLoggerListener.log OS Name:               Windows 10
18-Jul-2018 18:46:29.618 INFO [main] org.apache.catalina.startup.VersionLoggerListener.log OS Version:            10.0
18-Jul-2018 18:46:29.618 INFO [main] org.apache.catalina.startup.VersionLoggerListener.log Architecture:          amd64
18-Jul-2018 18:46:29.618 INFO [main] org.apache.catalina.startup.VersionLoggerListener.log Java Home:             C:\Program Files\Java\jdk1.8.0_162\jre
18-Jul-2018 18:46:29.618 INFO [main] org.apache.catalina.startup.VersionLoggerListener.log JVM Version:           1.8.0_162-b12
18-Jul-2018 18:46:29.618 INFO [main] org.apache.catalina.startup.VersionLoggerListener.log JVM Vendor:            Oracle Corporation
18-Jul-2018 18:46:29.618 INFO [main] org.apache.catalina.startup.VersionLoggerListener.log CATALINA_BASE:         D:\tomcatHuXueZhi\apache-tomcat-9977
18-Jul-2018 18:46:29.618 INFO [main] org.apache.catalina.startup.VersionLoggerListener.log CATALINA_HOME:         D:\tomcatHuXueZhi\apache-tomcat-9977
18-Jul-2018 18:46:29.618 INFO [main] org.apache.catalina.startup.VersionLoggerListener.log Command line argument: -Djava.util.logging.config.file=D:\tomcatHuXueZhi\apache-tomcat-9977\conf\logging.properties
18-Jul-2018 18:46:29.618 INFO [main] org.apache.catalina.startup.VersionLoggerListener.log Command line argument: -Djava.util.logging.manager=org.apache.juli.ClassLoaderLogManager
18-Jul-2018 18:46:29.618 INFO [main] org.apache.catalina.startup.VersionLoggerListener.log Command line argument: -Djava.endorsed.dirs=D:\tomcatHuXueZhi\apache-tomcat-9977\endorsed
18-Jul-2018 18:46:29.618 INFO [main] org.apache.catalina.startup.VersionLoggerListener.log Command line argument: -Dcatalina.base=D:\tomcatHuXueZhi\apache-tomcat-9977
18-Jul-2018 18:46:29.618 INFO [main] org.apache.catalina.startup.VersionLoggerListener.log Command line argument: -Dcatalina.home=D:\tomcatHuXueZhi\apache-tomcat-9977
18-Jul-2018 18:46:29.619 INFO [main] org.apache.catalina.startup.VersionLoggerListener.log Command line argument: -Djava.io.tmpdir=D:\tomcatHuXueZhi\apache-tomcat-9977\temp
18-Jul-2018 18:46:29.619 INFO [main] org.apache.catalina.core.AprLifecycleListener.lifecycleEvent Loaded APR based Apache Tomcat Native library 1.2.5 using APR version 1.5.1.
18-Jul-2018 18:46:29.619 INFO [main] org.apache.catalina.core.AprLifecycleListener.lifecycleEvent APR capabilities: IPv6 [true], sendfile [true], accept filters [false], random [true].
18-Jul-2018 18:46:30.160 INFO [main] org.apache.catalina.core.AprLifecycleListener.initializeSSL OpenSSL successfully initialized (OpenSSL 1.0.2g  1 Mar 2016)
18-Jul-2018 18:46:32.274 INFO [main] org.apache.coyote.AbstractProtocol.init Initializing ProtocolHandler ["http-apr-9977"]
18-Jul-2018 18:46:32.282 INFO [main] org.apache.coyote.AbstractProtocol.init Initializing ProtocolHandler ["ajp-apr-8009"]
18-Jul-2018 18:46:32.284 INFO [main] org.apache.catalina.startup.Catalina.load Initialization processed in 2939 ms
18-Jul-2018 18:46:32.333 INFO [main] org.apache.catalina.core.StandardService.startInternal Starting service Catalina
18-Jul-2018 18:46:32.334 INFO [main] org.apache.catalina.core.StandardEngine.startInternal Starting Servlet Engine: Apache Tomcat/8.0.33
18-Jul-2018 18:46:32.344 INFO [localhost-startStop-1] org.apache.catalina.startup.HostConfig.deployDirectory Deploying web application directory D:\tomcatHuXueZhi\apache-tomcat-9977\webapps\jeecmsv9
18-Jul-2018 18:47:57.198 INFO [main] org.apache.catalina.startup.VersionLoggerListener.log Server version:        Apache Tomcat/8.0.33
18-Jul-2018 18:47:57.199 INFO [main] org.apache.catalina.startup.VersionLoggerListener.log Server built:          Mar 18 2016 20:31:49 UTC
18-Jul-2018 18:47:57.199 INFO [main] org.apache.catalina.startup.VersionLoggerListener.log Server number:         8.0.33.0
18-Jul-2018 18:47:57.199 INFO [main] org.apache.catalina.startup.VersionLoggerListener.log OS Name:               Windows 10
18-Jul-2018 18:47:57.199 INFO [main] org.apache.catalina.startup.VersionLoggerListener.log OS Version:            10.0
18-Jul-2018 18:47:57.199 INFO [main] org.apache.catalina.startup.VersionLoggerListener.log Architecture:          amd64
18-Jul-2018 18:47:57.199 INFO [main] org.apache.catalina.startup.VersionLoggerListener.log Java Home:             C:\Program Files\Java\jdk1.8.0_162\jre
18-Jul-2018 18:47:57.200 INFO [main] org.apache.catalina.startup.VersionLoggerListener.log JVM Version:           1.8.0_162-b12
18-Jul-2018 18:47:57.200 INFO [main] org.apache.catalina.startup.VersionLoggerListener.log JVM Vendor:            Oracle Corporation
18-Jul-2018 18:47:57.200 INFO [main] org.apache.catalina.startup.VersionLoggerListener.log CATALINA_BASE:         D:\tomcatHuXueZhi\apache-tomcat-9977
18-Jul-2018 18:47:57.200 INFO [main] org.apache.catalina.startup.VersionLoggerListener.log CATALINA_HOME:         D:\tomcatHuXueZhi\apache-tomcat-9977
18-Jul-2018 18:47:57.200 INFO [main] org.apache.catalina.startup.VersionLoggerListener.log Command line argument: -Djava.util.logging.config.file=D:\tomcatHuXueZhi\apache-tomcat-9977\conf\logging.properties
18-Jul-2018 18:47:57.200 INFO [main] org.apache.catalina.startup.VersionLoggerListener.log Command line argument: -Djava.util.logging.manager=org.apache.juli.ClassLoaderLogManager
18-Jul-2018 18:47:57.200 INFO [main] org.apache.catalina.startup.VersionLoggerListener.log Command line argument: -Djava.endorsed.dirs=D:\tomcatHuXueZhi\apache-tomcat-9977\endorsed
18-Jul-2018 18:47:57.200 INFO [main] org.apache.catalina.startup.VersionLoggerListener.log Command line argument: -Dcatalina.base=D:\tomcatHuXueZhi\apache-tomcat-9977
18-Jul-2018 18:47:57.201 INFO [main] org.apache.catalina.startup.VersionLoggerListener.log Command line argument: -Dcatalina.home=D:\tomcatHuXueZhi\apache-tomcat-9977
18-Jul-2018 18:47:57.201 INFO [main] org.apache.catalina.startup.VersionLoggerListener.log Command line argument: -Djava.io.tmpdir=D:\tomcatHuXueZhi\apache-tomcat-9977\temp
18-Jul-2018 18:47:57.201 INFO [main] org.apache.catalina.core.AprLifecycleListener.lifecycleEvent Loaded APR based Apache Tomcat Native library 1.2.5 using APR version 1.5.1.
18-Jul-2018 18:47:57.202 INFO [main] org.apache.catalina.core.AprLifecycleListener.lifecycleEvent APR capabilities: IPv6 [true], sendfile [true], accept filters [false], random [true].
18-Jul-2018 18:47:57.740 INFO [main] org.apache.catalina.core.AprLifecycleListener.initializeSSL OpenSSL successfully initialized (OpenSSL 1.0.2g  1 Mar 2016)
18-Jul-2018 18:48:00.487 INFO [main] org.apache.coyote.AbstractProtocol.init Initializing ProtocolHandler ["http-apr-9977"]
18-Jul-2018 18:48:00.495 INFO [main] org.apache.coyote.AbstractProtocol.init Initializing ProtocolHandler ["ajp-apr-8009"]
18-Jul-2018 18:48:00.499 INFO [main] org.apache.catalina.startup.Catalina.load Initialization processed in 3590 ms
18-Jul-2018 18:48:00.522 INFO [main] org.apache.catalina.core.StandardService.startInternal Starting service Catalina
18-Jul-2018 18:48:00.523 INFO [main] org.apache.catalina.core.StandardEngine.startInternal Starting Servlet Engine: Apache Tomcat/8.0.33
18-Jul-2018 18:48:00.534 INFO [localhost-startStop-1] org.apache.catalina.startup.HostConfig.deployDirectory Deploying web application directory D:\tomcatHuXueZhi\apache-tomcat-9977\webapps\jeecmsv9
18-Jul-2018 18:48:08.643 INFO [localhost-startStop-1] org.apache.jasper.servlet.TldScanner.scanJars At least one JAR was scanned for TLDs yet contained no TLDs. Enable debug logging for this logger for a complete list of JARs that were scanned but no TLDs were found in them. Skipping unneeded JARs during scanning can improve startup time and JSP compilation time.
18-Jul-2018 18:48:23.199 INFO [localhost-startStop-1] org.apache.catalina.startup.HostConfig.deployDirectory Deployment of web application directory D:\tomcatHuXueZhi\apache-tomcat-9977\webapps\jeecmsv9 has finished in 22,647 ms
18-Jul-2018 18:48:23.203 INFO [main] org.apache.coyote.AbstractProtocol.start Starting ProtocolHandler ["http-apr-9977"]
18-Jul-2018 18:48:23.269 INFO [main] org.apache.coyote.AbstractProtocol.start Starting ProtocolHandler ["ajp-apr-8009"]
18-Jul-2018 18:48:23.304 INFO [main] org.apache.catalina.startup.Catalina.start Server startup in 22805 ms
